# JRE version: Java(TM) SE Runtime Environment (26.0.1+8) (build 26.0.1+8-34)
# Java VM: Java HotSpot(TM) 64-Bit Server VM (26.0.1+8-34, mixed mode, sharing, tiered, compressed oops, compressed class ptrs, g1 gc, windows-amd64)
GC Precious Log:
 CardTable entry size: 512
 Card Set container configuration: InlinePtr #cards 5 size 8 Array Of Cards #cards 10 size 36 Howl #buckets 4 coarsen threshold 1843 Howl Bitmap #cards 512 size 80 coarsen threshold 460 Card regions per heap region 1 cards per card region 2048
 CPUs: 12 total, 12 available
 Memory: 7498M
 Large Page Support: Disabled
 NUMA Support: Disabled
 Compressed Oops: Enabled (32-bit)
 Heap Region Size: 1M
 Heap Min Capacity: 8M
 Heap Initial Capacity: 8M
 Heap Max Capacity: 1536M
 Pre-touch: Disabled
 Parallel Workers: 10
 Concurrent Workers: 3
 Concurrent Refinement Workers: 10
 Periodic GC: Disabled
Heap:
 garbage-first heap   total reserved 1572864K, committed 51200K, used 36541K [0x00000000a0000000, 0x0000000100000000)
  region size 1M, 12 eden (12M), 3 survivor (3M), 19 old (19M), 4 humongous (4M), 12 free (12M)
GC Heap Usage History (20 events):
Event: 0.664 {heap Before GC invocations=5 (full 0):
 garbage-first heap   total reserved 1572864K, committed 25600K, used 21620K [0x00000000a0000000, 0x0000000100000000)
  region size 1M, 12 eden (12M), 2 survivor (2M), 5 old (5M), 3 humongous (3M), 3 free (3M)
}
Event: 0.667 {heap After GC invocations=6 (full 0):
 garbage-first heap   total reserved 1572864K, committed 27648K, used 11610K [0x00000000a0000000, 0x0000000100000000)
  region size 1M, 0 eden (0M), 2 survivor (2M), 8 old (8M), 3 humongous (3M), 14 free (14M)
}
Event: 0.750 {heap Before GC invocations=6 (full 0):
 garbage-first heap   total reserved 1572864K, committed 27648K, used 20826K [0x00000000a0000000, 0x0000000100000000)
  region size 1M, 9 eden (9M), 2 survivor (2M), 8 old (8M), 3 humongous (3M), 5 free (5M)
}
Event: 0.752 {heap After GC invocations=7 (full 0):
 garbage-first heap   total reserved 1572864K, committed 27648K, used 12114K [0x00000000a0000000, 0x0000000100000000)
  region size 1M, 0 eden (0M), 1 survivor (1M), 10 old (10M), 3 humongous (3M), 13 free (13M)
}
Event: 0.804 {heap Before GC invocations=7 (full 0):
 garbage-first heap   total reserved 1572864K, committed 27648K, used 20306K [0x00000000a0000000, 0x0000000100000000)
  region size 1M, 9 eden (9M), 1 survivor (1M), 10 old (10M), 3 humongous (3M), 4 free (4M)
}
Event: 0.806 {heap After GC invocations=8 (full 0):
 garbage-first heap   total reserved 1572864K, committed 27648K, used 12257K [0x00000000a0000000, 0x0000000100000000)
  region size 1M, 0 eden (0M), 1 survivor (1M), 10 old (10M), 3 humongous (3M), 13 free (13M)
}
Event: 0.886 {heap Before GC invocations=9 (full 0):
 garbage-first heap   total reserved 1572864K, committed 27648K, used 21473K [0x00000000a0000000, 0x0000000100000000)
  region size 1M, 9 eden (9M), 1 survivor (1M), 10 old (10M), 3 humongous (3M), 4 free (4M)
}
Event: 0.888 {heap After GC invocations=10 (full 0):
 garbage-first heap   total reserved 1572864K, committed 51200K, used 12571K [0x00000000a0000000, 0x0000000100000000)
  region size 1M, 0 eden (0M), 1 survivor (1M), 10 old (10M), 3 humongous (3M), 36 free (36M)
}
Event: 1.094 {heap Before GC invocations=10 (full 0):
 garbage-first heap   total reserved 1572864K, committed 51200K, used 40219K [0x00000000a0000000, 0x0000000100000000)
  region size 1M, 25 eden (25M), 1 survivor (1M), 10 old (10M), 5 humongous (5M), 9 free (9M)
}
Event: 1.097 {heap After GC invocations=11 (full 0):
 garbage-first heap   total reserved 1572864K, committed 51200K, used 16979K [0x00000000a0000000, 0x0000000100000000)
  region size 1M, 0 eden (0M), 4 survivor (4M), 10 old (10M), 4 humongous (4M), 32 free (32M)
}
Event: 1.609 {heap Before GC invocations=11 (full 0):
 garbage-first heap   total reserved 1572864K, committed 51200K, used 41555K [0x00000000a0000000, 0x0000000100000000)
  region size 1M, 24 eden (24M), 4 survivor (4M), 10 old (10M), 4 humongous (4M), 8 free (8M)
}
Event: 1.611 {heap After GC invocations=12 (full 0):
 garbage-first heap   total reserved 1572864K, committed 51200K, used 19652K [0x00000000a0000000, 0x0000000100000000)
  region size 1M, 0 eden (0M), 3 survivor (3M), 14 old (14M), 4 humongous (4M), 29 free (29M)
}
Event: 1.940 {heap Before GC invocations=12 (full 0):
 garbage-first heap   total reserved 1572864K, committed 51200K, used 41156K [0x00000000a0000000, 0x0000000100000000)
  region size 1M, 21 eden (21M), 3 survivor (3M), 14 old (14M), 4 humongous (4M), 8 free (8M)
}
Event: 1.943 {heap After GC invocations=13 (full 0):
 garbage-first heap   total reserved 1572864K, committed 51200K, used 21639K [0x00000000a0000000, 0x0000000100000000)
  region size 1M, 0 eden (0M), 3 survivor (3M), 16 old (16M), 4 humongous (4M), 27 free (27M)
}
Event: 2.234 {heap Before GC invocations=13 (full 0):
 garbage-first heap   total reserved 1572864K, committed 51200K, used 41095K [0x00000000a0000000, 0x0000000100000000)
  region size 1M, 20 eden (20M), 3 survivor (3M), 16 old (16M), 4 humongous (4M), 7 free (7M)
}
Event: 2.237 {heap After GC invocations=14 (full 0):
 garbage-first heap   total reserved 1572864K, committed 51200K, used 22846K [0x00000000a0000000, 0x0000000100000000)
  region size 1M, 0 eden (0M), 2 survivor (2M), 18 old (18M), 4 humongous (4M), 26 free (26M)
}
Event: 2.591 {heap Before GC invocations=14 (full 0):
 garbage-first heap   total reserved 1572864K, committed 51200K, used 43326K [0x00000000a0000000, 0x0000000100000000)
  region size 1M, 20 eden (20M), 2 survivor (2M), 18 old (18M), 4 humongous (4M), 6 free (6M)
}
Event: 2.594 {heap After GC invocations=15 (full 0):
 garbage-first heap   total reserved 1572864K, committed 51200K, used 24107K [0x00000000a0000000, 0x0000000100000000)
  region size 1M, 0 eden (0M), 3 survivor (3M), 18 old (18M), 4 humongous (4M), 25 free (25M)
}
Event: 2.864 {heap Before GC invocations=15 (full 0):
 garbage-first heap   total reserved 1572864K, committed 51200K, used 39467K [0x00000000a0000000, 0x0000000100000000)
  region size 1M, 16 eden (16M), 3 survivor (3M), 18 old (18M), 4 humongous (4M), 9 free (9M)
}
Event: 2.867 {heap After GC invocations=16 (full 0):
 garbage-first heap   total reserved 1572864K, committed 51200K, used 25277K [0x00000000a0000000, 0x0000000100000000)
  region size 1M, 0 eden (0M), 3 survivor (3M), 19 old (19M), 4 humongous (4M), 24 free (24M)
}

