# JRE version: Java(TM) SE Runtime Environment (26.0.1+8) (build 26.0.1+8-34)
# Java VM: Java HotSpot(TM) 64-Bit Server VM (26.0.1+8-34, mixed mode, sharing, tiered, compressed oops, compressed class ptrs, g1 gc, windows-amd64)
GC Precious Log:
 CardTable entry size: 512
 Card Set container configuration: InlinePtr #cards 5 size 8 Array Of Cards #cards 10 size 36 Howl #buckets 4 coarsen threshold 1843 Howl Bitmap #cards 512 size 80 coarsen threshold 460 Card regions per heap region 1 cards per card region 2048
 CPUs: 12 total, 12 available
 Memory: 7498M
 Large Page Support: Disabled
 NUMA Support: Disabled
 Compressed Oops: Enabled (32-bit)
 Heap Region Size: 1M
 Heap Min Capacity: 8M
 Heap Initial Capacity: 8M
 Heap Max Capacity: 1536M
 Pre-touch: Disabled
 Parallel Workers: 10
 Concurrent Workers: 3
 Concurrent Refinement Workers: 10
 Periodic GC: Disabled
Heap:
 garbage-first heap   total reserved 1572864K, committed 57344K, used 34786K [0x00000000a0000000, 0x0000000100000000)
  region size 1M, 2 eden (2M), 1 survivor (1M), 29 old (29M), 4 humongous (4M), 20 free (20M)
GC Heap Usage History (20 events):
Event: 129.708 {heap Before GC invocations=11 (full 0):
 garbage-first heap   total reserved 1572864K, committed 58368K, used 38496K [0x00000000a0000000, 0x0000000100000000)
  region size 1M, 27 eden (27M), 1 survivor (1M), 8 old (8M), 3 humongous (3M), 18 free (18M)
}
Event: 129.711 {heap After GC invocations=12 (full 0):
 garbage-first heap   total reserved 1572864K, committed 58368K, used 12663K [0x00000000a0000000, 0x0000000100000000)
  region size 1M, 0 eden (0M), 2 survivor (2M), 8 old (8M), 3 humongous (3M), 44 free (44M)
}
Event: 130.130 {heap Before GC invocations=12 (full 0):
 garbage-first heap   total reserved 1572864K, committed 58368K, used 47479K [0x00000000a0000000, 0x0000000100000000)
  region size 1M, 32 eden (32M), 2 survivor (2M), 8 old (8M), 5 humongous (5M), 10 free (10M)
}
Event: 130.136 {heap After GC invocations=13 (full 0):
 garbage-first heap   total reserved 1572864K, committed 58368K, used 17318K [0x00000000a0000000, 0x0000000100000000)
  region size 1M, 0 eden (0M), 5 survivor (5M), 8 old (8M), 4 humongous (4M), 40 free (40M)
}
Event: 194.537 {heap Before GC invocations=13 (full 0):
 garbage-first heap   total reserved 1572864K, committed 58368K, used 27558K [0x00000000a0000000, 0x0000000100000000)
  region size 1M, 10 eden (10M), 5 survivor (5M), 8 old (8M), 4 humongous (4M), 30 free (30M)
}
Event: 194.543 {heap After GC invocations=14 (full 0):
 garbage-first heap   total reserved 1572864K, committed 58368K, used 19162K [0x00000000a0000000, 0x0000000100000000)
  region size 1M, 0 eden (0M), 2 survivor (2M), 13 old (13M), 4 humongous (4M), 38 free (38M)
}
Event: 259.173 {heap Before GC invocations=14 (full 0):
 garbage-first heap   total reserved 1572864K, committed 58368K, used 35546K [0x00000000a0000000, 0x0000000100000000)
  region size 1M, 16 eden (16M), 2 survivor (2M), 13 old (13M), 4 humongous (4M), 22 free (22M)
}
Event: 259.176 {heap After GC invocations=15 (full 0):
 garbage-first heap   total reserved 1572864K, committed 58368K, used 21244K [0x00000000a0000000, 0x0000000100000000)
  region size 1M, 0 eden (0M), 2 survivor (2M), 15 old (15M), 4 humongous (4M), 36 free (36M)
}
Event: 259.694 {heap Before GC invocations=15 (full 0):
 garbage-first heap   total reserved 1572864K, committed 58368K, used 49916K [0x00000000a0000000, 0x0000000100000000)
  region size 1M, 28 eden (28M), 2 survivor (2M), 15 old (15M), 4 humongous (4M), 8 free (8M)
}
Event: 259.696 {heap After GC invocations=16 (full 0):
 garbage-first heap   total reserved 1572864K, committed 58368K, used 22963K [0x00000000a0000000, 0x0000000100000000)
  region size 1M, 0 eden (0M), 4 survivor (4M), 15 old (15M), 4 humongous (4M), 34 free (34M)
}
Event: 260.317 {heap Before GC invocations=16 (full 0):
 garbage-first heap   total reserved 1572864K, committed 58368K, used 50611K [0x00000000a0000000, 0x0000000100000000)
  region size 1M, 27 eden (27M), 4 survivor (4M), 15 old (15M), 4 humongous (4M), 7 free (7M)
}
Event: 260.320 {heap After GC invocations=17 (full 0):
 garbage-first heap   total reserved 1572864K, committed 58368K, used 24482K [0x00000000a0000000, 0x0000000100000000)
  region size 1M, 0 eden (0M), 4 survivor (4M), 17 old (17M), 4 humongous (4M), 32 free (32M)
}
Event: 260.627 {heap Before GC invocations=17 (full 0):
 garbage-first heap   total reserved 1572864K, committed 58368K, used 36770K [0x00000000a0000000, 0x0000000100000000)
  region size 1M, 14 eden (14M), 4 survivor (4M), 17 old (17M), 4 humongous (4M), 18 free (18M)
}
Event: 260.630 {heap After GC invocations=18 (full 0):
 garbage-first heap   total reserved 1572864K, committed 58368K, used 25529K [0x00000000a0000000, 0x0000000100000000)
  region size 1M, 0 eden (0M), 3 survivor (3M), 19 old (19M), 4 humongous (4M), 31 free (31M)
}
Event: 261.183 {heap Before GC invocations=19 (full 0):
 garbage-first heap   total reserved 1572864K, committed 58368K, used 51129K [0x00000000a0000000, 0x0000000100000000)
  region size 1M, 25 eden (25M), 3 survivor (3M), 19 old (19M), 4 humongous (4M), 6 free (6M)
}
Event: 261.186 {heap After GC invocations=20 (full 0):
 garbage-first heap   total reserved 1572864K, committed 58368K, used 27168K [0x00000000a0000000, 0x0000000100000000)
  region size 1M, 0 eden (0M), 3 survivor (3M), 20 old (20M), 4 humongous (4M), 30 free (30M)
}
Event: 261.635 {heap Before GC invocations=20 (full 0):
 garbage-first heap   total reserved 1572864K, committed 58368K, used 50720K [0x00000000a0000000, 0x0000000100000000)
  region size 1M, 24 eden (24M), 3 survivor (3M), 20 old (20M), 4 humongous (4M), 6 free (6M)
}
Event: 261.639 {heap After GC invocations=21 (full 0):
 garbage-first heap   total reserved 1572864K, committed 58368K, used 29441K [0x00000000a0000000, 0x0000000100000000)
  region size 1M, 0 eden (0M), 4 survivor (4M), 21 old (21M), 4 humongous (4M), 28 free (28M)
}
Event: 262.110 {heap Before GC invocations=21 (full 0):
 garbage-first heap   total reserved 1572864K, committed 58368K, used 51969K [0x00000000a0000000, 0x0000000100000000)
  region size 1M, 22 eden (22M), 4 survivor (4M), 21 old (21M), 4 humongous (4M), 6 free (6M)
}
Event: 262.114 {heap After GC invocations=22 (full 0):
 garbage-first heap   total reserved 1572864K, committed 57344K, used 30933K [0x00000000a0000000, 0x0000000100000000)
  region size 1M, 0 eden (0M), 2 survivor (2M), 25 old (25M), 4 humongous (4M), 25 free (25M)
}

