# JRE version: Java(TM) SE Runtime Environment (26.0.1+8) (build 26.0.1+8-34)
# Java VM: Java HotSpot(TM) 64-Bit Server VM (26.0.1+8-34, mixed mode, sharing, tiered, compressed oops, compressed class ptrs, g1 gc, windows-amd64)
GC Precious Log:
 CardTable entry size: 512
 Card Set container configuration: InlinePtr #cards 5 size 8 Array Of Cards #cards 10 size 36 Howl #buckets 4 coarsen threshold 1843 Howl Bitmap #cards 512 size 80 coarsen threshold 460 Card regions per heap region 1 cards per card region 2048
 CPUs: 12 total, 12 available
 Memory: 7498M
 Large Page Support: Disabled
 NUMA Support: Disabled
 Compressed Oops: Enabled (32-bit)
 Heap Region Size: 1M
 Heap Min Capacity: 8M
 Heap Initial Capacity: 8M
 Heap Max Capacity: 1536M
 Pre-touch: Disabled
 Parallel Workers: 10
 Concurrent Workers: 3
 Concurrent Refinement Workers: 10
 Periodic GC: Disabled
Heap:
 garbage-first heap   total reserved 1572864K, committed 172032K, used 62156K [0x00000000a0000000, 0x0000000100000000)
  region size 1M, 27 eden (27M), 2 survivor (2M), 30 old (30M), 4 humongous (4M), 105 free (105M)
GC Heap Usage History (20 events):
Event: 3.694 {heap Before GC invocations=21 (full 0):
 garbage-first heap   total reserved 1572864K, committed 38912K, used 33773K [0x00000000a0000000, 0x0000000100000000)
  region size 1M, 10 eden (10M), 2 survivor (2M), 19 old (19M), 4 humongous (4M), 3 free (3M)
}
Event: 3.697 {heap After GC invocations=22 (full 0):
 garbage-first heap   total reserved 1572864K, committed 38912K, used 24987K [0x00000000a0000000, 0x0000000100000000)
  region size 1M, 0 eden (0M), 2 survivor (2M), 19 old (19M), 4 humongous (4M), 13 free (13M)
}
Event: 3.890 {heap Before GC invocations=22 (full 0):
 garbage-first heap   total reserved 1572864K, committed 38912K, used 35227K [0x00000000a0000000, 0x0000000100000000)
  region size 1M, 10 eden (10M), 2 survivor (2M), 19 old (19M), 4 humongous (4M), 3 free (3M)
}
Event: 3.892 {heap After GC invocations=23 (full 0):
 garbage-first heap   total reserved 1572864K, committed 38912K, used 25989K [0x00000000a0000000, 0x0000000100000000)
  region size 1M, 0 eden (0M), 2 survivor (2M), 20 old (20M), 4 humongous (4M), 12 free (12M)
}
Event: 4.052 {heap Before GC invocations=24 (full 0):
 garbage-first heap   total reserved 1572864K, committed 38912K, used 35205K [0x00000000a0000000, 0x0000000100000000)
  region size 1M, 9 eden (9M), 2 survivor (2M), 20 old (20M), 4 humongous (4M), 3 free (3M)
}
Event: 4.055 {heap After GC invocations=25 (full 0):
 garbage-first heap   total reserved 1572864K, committed 49152K, used 26694K [0x00000000a0000000, 0x0000000100000000)
  region size 1M, 0 eden (0M), 2 survivor (2M), 21 old (21M), 4 humongous (4M), 21 free (21M)
}
Event: 4.348 {heap Before GC invocations=25 (full 0):
 garbage-first heap   total reserved 1572864K, committed 49152K, used 44102K [0x00000000a0000000, 0x0000000100000000)
  region size 1M, 17 eden (17M), 2 survivor (2M), 21 old (21M), 4 humongous (4M), 4 free (4M)
}
Event: 4.351 {heap After GC invocations=26 (full 0):
 garbage-first heap   total reserved 1572864K, committed 49152K, used 27387K [0x00000000a0000000, 0x0000000100000000)
  region size 1M, 0 eden (0M), 3 survivor (3M), 21 old (21M), 4 humongous (4M), 20 free (20M)
}
Event: 4.725 {heap Before GC invocations=26 (full 0):
 garbage-first heap   total reserved 1572864K, committed 49152K, used 42747K [0x00000000a0000000, 0x0000000100000000)
  region size 1M, 16 eden (16M), 3 survivor (3M), 21 old (21M), 4 humongous (4M), 4 free (4M)
}
Event: 4.728 {heap After GC invocations=27 (full 0):
 garbage-first heap   total reserved 1572864K, committed 49152K, used 27950K [0x00000000a0000000, 0x0000000100000000)
  region size 1M, 0 eden (0M), 3 survivor (3M), 22 old (22M), 4 humongous (4M), 19 free (19M)
}
Event: 5.027 {heap Before GC invocations=28 (full 0):
 garbage-first heap   total reserved 1572864K, committed 49152K, used 43310K [0x00000000a0000000, 0x0000000100000000)
  region size 1M, 16 eden (16M), 3 survivor (3M), 22 old (22M), 4 humongous (4M), 3 free (3M)
}
Event: 5.029 {heap After GC invocations=29 (full 0):
 garbage-first heap   total reserved 1572864K, committed 49152K, used 29482K [0x00000000a0000000, 0x0000000100000000)
  region size 1M, 0 eden (0M), 3 survivor (3M), 22 old (22M), 4 humongous (4M), 19 free (19M)
}
Event: 5.368 {heap Before GC invocations=29 (full 0):
 garbage-first heap   total reserved 1572864K, committed 49152K, used 44842K [0x00000000a0000000, 0x0000000100000000)
  region size 1M, 16 eden (16M), 3 survivor (3M), 22 old (22M), 4 humongous (4M), 3 free (3M)
}
Event: 5.372 {heap After GC invocations=30 (full 0):
 garbage-first heap   total reserved 1572864K, committed 52224K, used 31113K [0x00000000a0000000, 0x0000000100000000)
  region size 1M, 0 eden (0M), 3 survivor (3M), 24 old (24M), 4 humongous (4M), 20 free (20M)
}
Event: 5.529 {heap Before GC invocations=30 (full 0):
 garbage-first heap   total reserved 1572864K, committed 52224K, used 47497K [0x00000000a0000000, 0x0000000100000000)
  region size 1M, 16 eden (16M), 3 survivor (3M), 24 old (24M), 4 humongous (4M), 4 free (4M)
}
Event: 5.532 {heap After GC invocations=31 (full 0):
 garbage-first heap   total reserved 1572864K, committed 54272K, used 33767K [0x00000000a0000000, 0x0000000100000000)
  region size 1M, 0 eden (0M), 3 survivor (3M), 27 old (27M), 4 humongous (4M), 19 free (19M)
}
Event: 5.676 {heap Before GC invocations=31 (full 0):
 garbage-first heap   total reserved 1572864K, committed 54272K, used 42983K [0x00000000a0000000, 0x0000000100000000)
  region size 1M, 11 eden (11M), 3 survivor (3M), 27 old (27M), 4 humongous (4M), 8 free (8M)
}
Event: 5.678 {heap After GC invocations=32 (full 0):
 garbage-first heap   total reserved 1572864K, committed 54272K, used 34537K [0x00000000a0000000, 0x0000000100000000)
  region size 1M, 0 eden (0M), 2 survivor (2M), 29 old (29M), 4 humongous (4M), 18 free (18M)
}
Event: 5.940 {heap Before GC invocations=33 (full 0):
 garbage-first heap   total reserved 1572864K, committed 54272K, used 51945K [0x00000000a0000000, 0x0000000100000000)
  region size 1M, 13 eden (13M), 2 survivor (2M), 29 old (29M), 9 humongous (9M), 0 free (0M)
}
Event: 5.943 {heap After GC invocations=34 (full 0):
 garbage-first heap   total reserved 1572864K, committed 172032K, used 35532K [0x00000000a0000000, 0x0000000100000000)
  region size 1M, 0 eden (0M), 2 survivor (2M), 30 old (30M), 4 humongous (4M), 132 free (132M)
}

